Replace Part C1 CL21A105KACLNNC in C:\Users\bryan\OneDrive\Documents\CUBoulder\Classes\ECEN5833\Project\PCB\TwitchSwitch\Sheet2_Charging.SchDoc with CL21A105KACLNNC from LPEDT_Parts.IntLib
Replace Part C2 LMK212BJ225MG-T in C:\Users\bryan\OneDrive\Documents\CUBoulder\Classes\ECEN5833\Project\PCB\TwitchSwitch\Sheet2_Charging.SchDoc with LMK212BJ225MG-T from LPEDT_Parts.IntLib
Replace Part C3 CL21A105KACLNNC in C:\Users\bryan\OneDrive\Documents\CUBoulder\Classes\ECEN5833\Project\PCB\TwitchSwitch\Sheet2_Charging.SchDoc with CL21A105KACLNNC from LPEDT_Parts.IntLib
Replace Part C4 LMK212BJ225MG-T in C:\Users\bryan\OneDrive\Documents\CUBoulder\Classes\ECEN5833\Project\PCB\TwitchSwitch\Sheet2_Charging.SchDoc with LMK212BJ225MG-T from LPEDT_Parts.IntLib
Replace Part C5 CL21A105KACLNNC in C:\Users\bryan\OneDrive\Documents\CUBoulder\Classes\ECEN5833\Project\PCB\TwitchSwitch\Sheet2_Charging.SchDoc with CL21A105KACLNNC from LPEDT_Parts.IntLib
Replace Part C6 CC0805JRX7R7BB104 in C:\Users\bryan\OneDrive\Documents\CUBoulder\Classes\ECEN5833\Project\PCB\TwitchSwitch\Sheet2_Charging.SchDoc with CC0805JRX7R7BB104 from LPEDT_Parts.IntLib
Replace Part C7 GRM21BR61E106KA73K in C:\Users\bryan\OneDrive\Documents\CUBoulder\Classes\ECEN5833\Project\PCB\TwitchSwitch\Sheet2_Charging.SchDoc with GRM21BR61E106KA73K from LPEDT_Parts.IntLib
Replace Part C8 CL21A475KOFNNNG in C:\Users\bryan\OneDrive\Documents\CUBoulder\Classes\ECEN5833\Project\PCB\TwitchSwitch\Sheet2_Charging.SchDoc with CL21A475KOFNNNG from LPEDT_Parts.IntLib
Replace Part C9 VJ0805A220KXJPW1BC in C:\Users\bryan\OneDrive\Documents\CUBoulder\Classes\ECEN5833\Project\PCB\TwitchSwitch\Sheet2_Charging.SchDoc with VJ0805A220KXJPW1BC from LPEDT_Parts.IntLib
Replace Part C10 CC0805JRX7R7BB104 in C:\Users\bryan\OneDrive\Documents\CUBoulder\Classes\ECEN5833\Project\PCB\TwitchSwitch\Sheet2_Charging.SchDoc with CC0805JRX7R7BB104 from LPEDT_Parts.IntLib
Replace Part D2 LSM115JE3/TR13 in C:\Users\bryan\OneDrive\Documents\CUBoulder\Classes\ECEN5833\Project\PCB\TwitchSwitch\Sheet2_Charging.SchDoc with LSM115JE3/TR13 from LPEDT_Parts.IntLib
Replace Part D3 LSM115JE3/TR13 in C:\Users\bryan\OneDrive\Documents\CUBoulder\Classes\ECEN5833\Project\PCB\TwitchSwitch\Sheet2_Charging.SchDoc with LSM115JE3/TR13 from LPEDT_Parts.IntLib
Replace Part D4 ZLLS350TA in C:\Users\bryan\OneDrive\Documents\CUBoulder\Classes\ECEN5833\Project\PCB\TwitchSwitch\Sheet2_Charging.SchDoc with ZLLS350TA from LPEDT_Parts.IntLib
Replace Part D? LSM115JE3/TR13 in C:\Users\bryan\OneDrive\Documents\CUBoulder\Classes\ECEN5833\Project\PCB\TwitchSwitch\Sheet2_Charging.SchDoc with LSM115JE3/TR13 from LPEDT_Parts.IntLib
Replace Part J1 B2B-PH-K-S(LF)(SN) in C:\Users\bryan\OneDrive\Documents\CUBoulder\Classes\ECEN5833\Project\PCB\TwitchSwitch\Sheet2_Charging.SchDoc with B2B-PH-K-S(LF)(SN) from LPEDT_Parts.IntLib
Replace Part J? B2B-PH-K-S(LF)(SN) in C:\Users\bryan\OneDrive\Documents\CUBoulder\Classes\ECEN5833\Project\PCB\TwitchSwitch\Sheet2_Charging.SchDoc with B2B-PH-K-S(LF)(SN) from LPEDT_Parts.IntLib
Replace Part L1 IHLP3232DZER150M11 in C:\Users\bryan\OneDrive\Documents\CUBoulder\Classes\ECEN5833\Project\PCB\TwitchSwitch\Sheet2_Charging.SchDoc with IHLP3232DZER150M11 from LPEDT_Parts.IntLib
Replace Part LED1 150060GS75000 in C:\Users\bryan\OneDrive\Documents\CUBoulder\Classes\ECEN5833\Project\PCB\TwitchSwitch\Sheet2_Charging.SchDoc with 150060GS75000 from LPEDT_Parts.IntLib
Replace Part LED2 150060GS75000 in C:\Users\bryan\OneDrive\Documents\CUBoulder\Classes\ECEN5833\Project\PCB\TwitchSwitch\Sheet2_Charging.SchDoc with 150060GS75000 from LPEDT_Parts.IntLib
Replace Part R1 CRM1206-JW-2R2ELF in C:\Users\bryan\OneDrive\Documents\CUBoulder\Classes\ECEN5833\Project\PCB\TwitchSwitch\Sheet2_Charging.SchDoc with CRM1206-JW-2R2ELF from LPEDT_Parts.IntLib
Replace Part R2 ERJ8ENF10R0V in C:\Users\bryan\OneDrive\Documents\CUBoulder\Classes\ECEN5833\Project\PCB\TwitchSwitch\Sheet2_Charging.SchDoc with ERJ8ENF10R0V from LPEDT_Parts.IntLib
Replace Part R3 CRCW060360K4FKEA in C:\Users\bryan\OneDrive\Documents\CUBoulder\Classes\ECEN5833\Project\PCB\TwitchSwitch\Sheet2_Charging.SchDoc with CRCW060360K4FKEA from LPEDT_Parts.IntLib
Replace Part R4 CRCW0603470KFKEA in C:\Users\bryan\OneDrive\Documents\CUBoulder\Classes\ECEN5833\Project\PCB\TwitchSwitch\Sheet2_Charging.SchDoc with CRCW0603470KFKEA from LPEDT_Parts.IntLib
Replace Part R5 CRCW060316K9FKEAHP in C:\Users\bryan\OneDrive\Documents\CUBoulder\Classes\ECEN5833\Project\PCB\TwitchSwitch\Sheet2_Charging.SchDoc with CRCW060316K9FKEAHP from LPEDT_Parts.IntLib
Replace Part R6 RMCF0603FT5K23 in C:\Users\bryan\OneDrive\Documents\CUBoulder\Classes\ECEN5833\Project\PCB\TwitchSwitch\Sheet2_Charging.SchDoc with RMCF0603FT5K23 from LPEDT_Parts.IntLib
Replace Part R7 RMCF0805FT10K0 in C:\Users\bryan\OneDrive\Documents\CUBoulder\Classes\ECEN5833\Project\PCB\TwitchSwitch\Sheet2_Charging.SchDoc with RMCF0805FT10K0 from LPEDT_Parts.IntLib
Replace Part R8 RMCF0805FT10K0 in C:\Users\bryan\OneDrive\Documents\CUBoulder\Classes\ECEN5833\Project\PCB\TwitchSwitch\Sheet2_Charging.SchDoc with RMCF0805FT10K0 from LPEDT_Parts.IntLib
Replace Part R? RMCF0805FT10K0 in C:\Users\bryan\OneDrive\Documents\CUBoulder\Classes\ECEN5833\Project\PCB\TwitchSwitch\Sheet2_Charging.SchDoc with RMCF0805FT10K0 from LPEDT_Parts.IntLib
Replace Part RT1 NTCLE101E3C90173 in C:\Users\bryan\OneDrive\Documents\CUBoulder\Classes\ECEN5833\Project\PCB\TwitchSwitch\Sheet2_Charging.SchDoc with NTCLE101E3C90173 from LPEDT_Parts.IntLib
